This is pdfTeX, Version 3.141592653-2.6-1.40.26 (TeX Live 2024) (preloaded format=pdflatex 2024.9.2)  11 DEC 2024 09:06
entering extended mode
 restricted \write18 enabled.
 file:line:error style messages enabled.
 %&-line parsing enabled.
**/Users/tebit/final-project-paper/sem-1-final-draft-1/sem-1-final-draft-1
(/Users/tebit/final-project-paper/sem-1-final-draft-1/sem-1-final-draft-1.tex
LaTeX2e <2023-11-01> patch level 1
L3 programming layer <2024-02-20>
(/usr/local/texlive/2024/texmf-dist/tex/latex/base/article.cls
Document Class: article 2023/05/17 v1.4n Standard LaTeX document class
(/usr/local/texlive/2024/texmf-dist/tex/latex/base/size10.clo
File: size10.clo 2023/05/17 v1.4n Standard LaTeX file (size option)
)
\c@part=\count188
\c@section=\count189
\c@subsection=\count190
\c@subsubsection=\count191
\c@paragraph=\count192
\c@subparagraph=\count193
\c@figure=\count194
\c@table=\count195
\abovecaptionskip=\skip48
\belowcaptionskip=\skip49
\bibindent=\dimen140
) (/usr/local/texlive/2024/texmf-dist/tex/latex/graphics/graphicx.sty
Package: graphicx 2021/09/16 v1.2d Enhanced LaTeX Graphics (DPC,SPQR)
 (/usr/local/texlive/2024/texmf-dist/tex/latex/graphics/keyval.sty
Package: keyval 2022/05/29 v1.15 key=value parser (DPC)
\KV@toks@=\toks17
) (/usr/local/texlive/2024/texmf-dist/tex/latex/graphics/graphics.sty
Package: graphics 2022/03/10 v1.4e Standard LaTeX Graphics (DPC,SPQR)
 (/usr/local/texlive/2024/texmf-dist/tex/latex/graphics/trig.sty
Package: trig 2021/08/11 v1.11 sin cos tan (DPC)
) (/usr/local/texlive/2024/texmf-dist/tex/latex/graphics-cfg/graphics.cfg
File: graphics.cfg 2016/06/04 v1.11 sample graphics configuration
)
Package graphics Info: Driver file: pdftex.def on input line 107.
 (/usr/local/texlive/2024/texmf-dist/tex/latex/graphics-def/pdftex.def
File: pdftex.def 2022/09/22 v1.2b Graphics/color driver for pdftex
))
\Gin@req@height=\dimen141
\Gin@req@width=\dimen142
) (/usr/local/texlive/2024/texmf-dist/tex/latex/caption/caption.sty
Package: caption 2023/08/05 v3.6o Customizing captions (AR)
 (/usr/local/texlive/2024/texmf-dist/tex/latex/caption/caption3.sty
Package: caption3 2023/07/31 v2.4d caption3 kernel (AR)
\caption@tempdima=\dimen143
\captionmargin=\dimen144
\caption@leftmargin=\dimen145
\caption@rightmargin=\dimen146
\caption@width=\dimen147
\caption@indent=\dimen148
\caption@parindent=\dimen149
\caption@hangindent=\dimen150
Package caption Info: Standard document class detected.
)
\c@caption@flags=\count196
\c@continuedfloat=\count197
) (/usr/local/texlive/2024/texmf-dist/tex/latex/placeins/placeins.sty
Package: placeins 2005/04/18  v 2.2
) (/usr/local/texlive/2024/texmf-dist/tex/latex/titlesec/titlesec.sty
Package: titlesec 2023/10/27 v2.16 Sectioning titles
\ttl@box=\box51
\beforetitleunit=\skip50
\aftertitleunit=\skip51
\ttl@plus=\dimen151
\ttl@minus=\dimen152
\ttl@toksa=\toks18
\titlewidth=\dimen153
\titlewidthlast=\dimen154
\titlewidthfirst=\dimen155
) (/usr/local/texlive/2024/texmf-dist/tex/latex/amsmath/amsmath.sty
Package: amsmath 2023/05/13 v2.17o AMS math features
\@mathmargin=\skip52

For additional information on amsmath, use the `?' option.
(/usr/local/texlive/2024/texmf-dist/tex/latex/amsmath/amstext.sty
Package: amstext 2021/08/26 v2.01 AMS text
 (/usr/local/texlive/2024/texmf-dist/tex/latex/amsmath/amsgen.sty
File: amsgen.sty 1999/11/30 v2.0 generic functions
\@emptytoks=\toks19
\ex@=\dimen156
)) (/usr/local/texlive/2024/texmf-dist/tex/latex/amsmath/amsbsy.sty
Package: amsbsy 1999/11/29 v1.2d Bold Symbols
\pmbraise@=\dimen157
) (/usr/local/texlive/2024/texmf-dist/tex/latex/amsmath/amsopn.sty
Package: amsopn 2022/04/08 v2.04 operator names
)
\inf@bad=\count198
LaTeX Info: Redefining \frac on input line 234.
\uproot@=\count199
\leftroot@=\count266
LaTeX Info: Redefining \overline on input line 399.
LaTeX Info: Redefining \colon on input line 410.
\classnum@=\count267
\DOTSCASE@=\count268
LaTeX Info: Redefining \ldots on input line 496.
LaTeX Info: Redefining \dots on input line 499.
LaTeX Info: Redefining \cdots on input line 620.
\Mathstrutbox@=\box52
\strutbox@=\box53
LaTeX Info: Redefining \big on input line 722.
LaTeX Info: Redefining \Big on input line 723.
LaTeX Info: Redefining \bigg on input line 724.
LaTeX Info: Redefining \Bigg on input line 725.
\big@size=\dimen158
LaTeX Font Info:    Redeclaring font encoding OML on input line 743.
LaTeX Font Info:    Redeclaring font encoding OMS on input line 744.
\macc@depth=\count269
LaTeX Info: Redefining \bmod on input line 905.
LaTeX Info: Redefining \pmod on input line 910.
LaTeX Info: Redefining \smash on input line 940.
LaTeX Info: Redefining \relbar on input line 970.
LaTeX Info: Redefining \Relbar on input line 971.
\c@MaxMatrixCols=\count270
\dotsspace@=\muskip16
\c@parentequation=\count271
\dspbrk@lvl=\count272
\tag@help=\toks20
\row@=\count273
\column@=\count274
\maxfields@=\count275
\andhelp@=\toks21
\eqnshift@=\dimen159
\alignsep@=\dimen160
\tagshift@=\dimen161
\tagwidth@=\dimen162
\totwidth@=\dimen163
\lineht@=\dimen164
\@envbody=\toks22
\multlinegap=\skip53
\multlinetaggap=\skip54
\mathdisplay@stack=\toks23
LaTeX Info: Redefining \[ on input line 2953.
LaTeX Info: Redefining \] on input line 2954.
) (/usr/local/texlive/2024/texmf-dist/tex/latex/amsfonts/amsfonts.sty
Package: amsfonts 2013/01/14 v3.01 Basic AMSFonts support
\symAMSa=\mathgroup4
\symAMSb=\mathgroup5
LaTeX Font Info:    Redeclaring math symbol \hbar on input line 98.
LaTeX Font Info:    Overwriting math alphabet `\mathfrak' in version `bold'
(Font)                  U/euf/m/n --> U/euf/b/n on input line 106.
) (/usr/local/texlive/2024/texmf-dist/tex/latex/amsfonts/amssymb.sty
Package: amssymb 2013/01/14 v3.01 AMS font symbols
) (/usr/local/texlive/2024/texmf-dist/tex/latex/hyperref/hyperref.sty
Package: hyperref 2024-01-20 v7.01h Hypertext links for LaTeX
 (/usr/local/texlive/2024/texmf-dist/tex/generic/iftex/iftex.sty
Package: iftex 2022/02/03 v1.0f TeX engine tests
) (/usr/local/texlive/2024/texmf-dist/tex/latex/kvsetkeys/kvsetkeys.sty
Package: kvsetkeys 2022-10-05 v1.19 Key value parser (HO)
) (/usr/local/texlive/2024/texmf-dist/tex/generic/kvdefinekeys/kvdefinekeys.sty
Package: kvdefinekeys 2019-12-19 v1.6 Define keys (HO)
) (/usr/local/texlive/2024/texmf-dist/tex/generic/pdfescape/pdfescape.sty
Package: pdfescape 2019/12/09 v1.15 Implements pdfTeX's escape features (HO)
 (/usr/local/texlive/2024/texmf-dist/tex/generic/ltxcmds/ltxcmds.sty
Package: ltxcmds 2023-12-04 v1.26 LaTeX kernel commands for general use (HO)
) (/usr/local/texlive/2024/texmf-dist/tex/generic/pdftexcmds/pdftexcmds.sty
Package: pdftexcmds 2020-06-27 v0.33 Utility functions of pdfTeX for LuaTeX (HO)
 (/usr/local/texlive/2024/texmf-dist/tex/generic/infwarerr/infwarerr.sty
Package: infwarerr 2019/12/03 v1.5 Providing info/warning/error messages (HO)
)
Package pdftexcmds Info: \pdf@primitive is available.
Package pdftexcmds Info: \pdf@ifprimitive is available.
Package pdftexcmds Info: \pdfdraftmode found.
)) (/usr/local/texlive/2024/texmf-dist/tex/latex/hycolor/hycolor.sty
Package: hycolor 2020-01-27 v1.10 Color options for hyperref/bookmark (HO)
) (/usr/local/texlive/2024/texmf-dist/tex/latex/auxhook/auxhook.sty
Package: auxhook 2019-12-17 v1.6 Hooks for auxiliary files (HO)
) (/usr/local/texlive/2024/texmf-dist/tex/latex/hyperref/nameref.sty
Package: nameref 2023-11-26 v2.56 Cross-referencing by name of section
 (/usr/local/texlive/2024/texmf-dist/tex/latex/refcount/refcount.sty
Package: refcount 2019/12/15 v3.6 Data extraction from label references (HO)
) (/usr/local/texlive/2024/texmf-dist/tex/generic/gettitlestring/gettitlestring.sty
Package: gettitlestring 2019/12/15 v1.6 Cleanup title references (HO)
 (/usr/local/texlive/2024/texmf-dist/tex/latex/kvoptions/kvoptions.sty
Package: kvoptions 2022-06-15 v3.15 Key value format for package options (HO)
))
\c@section@level=\count276
) (/usr/local/texlive/2024/texmf-dist/tex/latex/etoolbox/etoolbox.sty
Package: etoolbox 2020/10/05 v2.5k e-TeX tools for LaTeX (JAW)
\etb@tempcnta=\count277
)
\@linkdim=\dimen165
\Hy@linkcounter=\count278
\Hy@pagecounter=\count279
 (/usr/local/texlive/2024/texmf-dist/tex/latex/hyperref/pd1enc.def
File: pd1enc.def 2024-01-20 v7.01h Hyperref: PDFDocEncoding definition (HO)
Now handling font encoding PD1 ...
... no UTF-8 mapping file for font encoding PD1
) (/usr/local/texlive/2024/texmf-dist/tex/generic/intcalc/intcalc.sty
Package: intcalc 2019/12/15 v1.3 Expandable calculations with integers (HO)
)
\Hy@SavedSpaceFactor=\count280
 (/usr/local/texlive/2024/texmf-dist/tex/latex/hyperref/puenc.def
File: puenc.def 2024-01-20 v7.01h Hyperref: PDF Unicode definition (HO)
Now handling font encoding PU ...
... no UTF-8 mapping file for font encoding PU
)
Package hyperref Info: Hyper figures OFF on input line 4179.
Package hyperref Info: Link nesting OFF on input line 4184.
Package hyperref Info: Hyper index ON on input line 4187.
Package hyperref Info: Plain pages OFF on input line 4194.
Package hyperref Info: Backreferencing OFF on input line 4199.
Package hyperref Info: Implicit mode ON; LaTeX internals redefined.
Package hyperref Info: Bookmarks ON on input line 4446.
\c@Hy@tempcnt=\count281
 (/usr/local/texlive/2024/texmf-dist/tex/latex/url/url.sty
\Urlmuskip=\muskip17
Package: url 2013/09/16  ver 3.4  Verb mode for urls, etc.
)
LaTeX Info: Redefining \url on input line 4784.
\XeTeXLinkMargin=\dimen166
 (/usr/local/texlive/2024/texmf-dist/tex/generic/bitset/bitset.sty
Package: bitset 2019/12/09 v1.3 Handle bit-vector datatype (HO)
 (/usr/local/texlive/2024/texmf-dist/tex/generic/bigintcalc/bigintcalc.sty
Package: bigintcalc 2019/12/15 v1.5 Expandable calculations on big integers (HO)
))
\Fld@menulength=\count282
\Field@Width=\dimen167
\Fld@charsize=\dimen168
Package hyperref Info: Hyper figures OFF on input line 6063.
Package hyperref Info: Link nesting OFF on input line 6068.
Package hyperref Info: Hyper index ON on input line 6071.
Package hyperref Info: backreferencing OFF on input line 6078.
Package hyperref Info: Link coloring OFF on input line 6083.
Package hyperref Info: Link coloring with OCG OFF on input line 6088.
Package hyperref Info: PDF/A mode OFF on input line 6093.
 (/usr/local/texlive/2024/texmf-dist/tex/latex/base/atbegshi-ltx.sty
Package: atbegshi-ltx 2021/01/10 v1.0c Emulation of the original atbegshi
package with kernel methods
)
\Hy@abspage=\count283
\c@Item=\count284
\c@Hfootnote=\count285
)
Package hyperref Info: Driver (autodetected): hpdftex.
 (/usr/local/texlive/2024/texmf-dist/tex/latex/hyperref/hpdftex.def
File: hpdftex.def 2024-01-20 v7.01h Hyperref driver for pdfTeX
 (/usr/local/texlive/2024/texmf-dist/tex/latex/base/atveryend-ltx.sty
Package: atveryend-ltx 2020/08/19 v1.0a Emulation of the original atveryend package
with kernel methods
)
\Fld@listcount=\count286
\c@bookmark@seq@number=\count287
 (/usr/local/texlive/2024/texmf-dist/tex/latex/rerunfilecheck/rerunfilecheck.sty
Package: rerunfilecheck 2022-07-10 v1.10 Rerun checks for auxiliary files (HO)
 (/usr/local/texlive/2024/texmf-dist/tex/generic/uniquecounter/uniquecounter.sty
Package: uniquecounter 2019/12/15 v1.4 Provide unlimited unique counter (HO)
)
Package uniquecounter Info: New unique counter `rerunfilecheck' on input line 285.
)
\Hy@SectionHShift=\skip55
) (/usr/local/texlive/2024/texmf-dist/tex/latex/geometry/geometry.sty
Package: geometry 2020/01/02 v5.9 Page Geometry
 (/usr/local/texlive/2024/texmf-dist/tex/generic/iftex/ifvtex.sty
Package: ifvtex 2019/10/25 v1.7 ifvtex legacy package. Use iftex instead.
)
\Gm@cnth=\count288
\Gm@cntv=\count289
\c@Gm@tempcnt=\count290
\Gm@bindingoffset=\dimen169
\Gm@wd@mp=\dimen170
\Gm@odd@mp=\dimen171
\Gm@even@mp=\dimen172
\Gm@layoutwidth=\dimen173
\Gm@layoutheight=\dimen174
\Gm@layouthoffset=\dimen175
\Gm@layoutvoffset=\dimen176
\Gm@dimlist=\toks24
) (/usr/local/texlive/2024/texmf-dist/tex/latex/l3backend/l3backend-pdftex.def
File: l3backend-pdftex.def 2024-02-20 L3 backend support: PDF output (pdfTeX)
\l__color_backend_stack_int=\count291
\l__pdf_internal_box=\box54
) (./sem-1-final-draft-1.aux)
\openout1 = `sem-1-final-draft-1.aux'.

LaTeX Font Info:    Checking defaults for OML/cmm/m/it on input line 22.
LaTeX Font Info:    ... okay on input line 22.
LaTeX Font Info:    Checking defaults for OMS/cmsy/m/n on input line 22.
LaTeX Font Info:    ... okay on input line 22.
LaTeX Font Info:    Checking defaults for OT1/cmr/m/n on input line 22.
LaTeX Font Info:    ... okay on input line 22.
LaTeX Font Info:    Checking defaults for T1/cmr/m/n on input line 22.
LaTeX Font Info:    ... okay on input line 22.
LaTeX Font Info:    Checking defaults for TS1/cmr/m/n on input line 22.
LaTeX Font Info:    ... okay on input line 22.
LaTeX Font Info:    Checking defaults for OMX/cmex/m/n on input line 22.
LaTeX Font Info:    ... okay on input line 22.
LaTeX Font Info:    Checking defaults for U/cmr/m/n on input line 22.
LaTeX Font Info:    ... okay on input line 22.
LaTeX Font Info:    Checking defaults for PD1/pdf/m/n on input line 22.
LaTeX Font Info:    ... okay on input line 22.
LaTeX Font Info:    Checking defaults for PU/pdf/m/n on input line 22.
LaTeX Font Info:    ... okay on input line 22.
 (/usr/local/texlive/2024/texmf-dist/tex/context/base/mkii/supp-pdf.mkii
[Loading MPS to PDF converter (version 2006.09.02).]
\scratchcounter=\count292
\scratchdimen=\dimen177
\scratchbox=\box55
\nofMPsegments=\count293
\nofMParguments=\count294
\everyMPshowfont=\toks25
\MPscratchCnt=\count295
\MPscratchDim=\dimen178
\MPnumerator=\count296
\makeMPintoPDFobject=\count297
\everyMPtoPDFconversion=\toks26
) (/usr/local/texlive/2024/texmf-dist/tex/latex/epstopdf-pkg/epstopdf-base.sty
Package: epstopdf-base 2020-01-24 v2.11 Base part for package epstopdf
Package epstopdf-base Info: Redefining graphics rule for `.eps' on input line 485.
 (/usr/local/texlive/2024/texmf-dist/tex/latex/latexconfig/epstopdf-sys.cfg
File: epstopdf-sys.cfg 2010/07/13 v1.3 Configuration of (r)epstopdf for TeX Live
))
Package caption Info: Begin \AtBeginDocument code.
Package caption Info: hyperref package is loaded.
Package caption Info: End \AtBeginDocument code.
Package hyperref Info: Link coloring OFF on input line 22.
 (./sem-1-final-draft-1.out) (./sem-1-final-draft-1.out)
\@outlinefile=\write3
\openout3 = `sem-1-final-draft-1.out'.


*geometry* driver: auto-detecting
*geometry* detected driver: pdftex
*geometry* verbose mode - [ preamble ] result:
* driver: pdftex
* paper: a4paper
* layout: <same size as paper>
* layoutoffset:(h,v)=(0.0pt,0.0pt)
* modes: 
* h-part:(L,W,R)=(71.13188pt, 455.24411pt, 71.13188pt)
* v-part:(T,H,B)=(56.9055pt, 731.23584pt, 56.9055pt)
* \paperwidth=597.50787pt
* \paperheight=845.04684pt
* \textwidth=455.24411pt
* \textheight=731.23584pt
* \oddsidemargin=-1.1381pt
* \evensidemargin=-1.1381pt
* \topmargin=-52.36449pt
* \headheight=12.0pt
* \headsep=25.0pt
* \topskip=10.0pt
* \footskip=30.0pt
* \marginparwidth=57.0pt
* \marginparsep=11.0pt
* \columnsep=10.0pt
* \skip\footins=9.0pt plus 4.0pt minus 2.0pt
* \hoffset=0.0pt
* \voffset=0.0pt
* \mag=1000
* \@twocolumnfalse
* \@twosidefalse
* \@mparswitchfalse
* \@reversemarginfalse
* (1in=72.27pt=25.4mm, 1cm=28.453pt)

<sections/images/ise-logo.png, id=160, 8009.925pt x 1006.76125pt>
File: sections/images/ise-logo.png Graphic file (type png)
<use sections/images/ise-logo.png>
Package pdftex.def Info: sections/images/ise-logo.png  used on input line 27.
(pdftex.def)             Requested size: 455.24411pt x 57.20778pt.
[1

{/usr/local/texlive/2024/texmf-var/fonts/map/pdftex/updmap/pdftex.map} <./sections/images/ise-logo.png (PNG copy)>]
Underfull \hbox (badness 10000) in paragraph at lines 56--56
[]\OT1/cmr/bx/n/14.4 Abstract|
 []


pdfTeX warning (ext4): destination with the same identifier (name{page.1}) has been already used, duplicate ignored
<to be read again> 
                   \relax 
l.68 \newpage
              [1]
Underfull \hbox (badness 10000) in paragraph at lines 70--70
[]\OT1/cmr/bx/n/14.4 Acknowledgements|
 []

[2] (./sem-1-final-draft-1.toc
LaTeX Font Info:    Trying to load font information for U+msa on input line 2.
 (/usr/local/texlive/2024/texmf-dist/tex/latex/amsfonts/umsa.fd
File: umsa.fd 2013/01/14 v3.01 AMS symbols A
)
LaTeX Font Info:    Trying to load font information for U+msb on input line 2.
 (/usr/local/texlive/2024/texmf-dist/tex/latex/amsfonts/umsb.fd
File: umsb.fd 2013/01/14 v3.01 AMS symbols B
))
\tf@toc=\write4
\openout4 = `sem-1-final-draft-1.toc'.

 [3] (./sections/1-research-background.tex [4]) [5] (./sections/2-objective.tex) [6{/usr/local/texlive/2024/texmf-dist/fonts/enc/dvips/cm-super/cm-super-ts1.enc}] (./sections/3-literature-survey.tex
<sections/images/paro.png, id=275, 599.23875pt x 356.33125pt>
File: sections/images/paro.png Graphic file (type png)
<use sections/images/paro.png>
Package pdftex.def Info: sections/images/paro.png  used on input line 16.
(pdftex.def)             Requested size: 455.24411pt x 270.71124pt.
<sections/images/moxie.png, id=280, 3011.25pt x 3010.24625pt>
File: sections/images/moxie.png Graphic file (type png)
<use sections/images/moxie.png>
Package pdftex.def Info: sections/images/moxie.png  used on input line 28.
(pdftex.def)             Requested size: 455.24411pt x 455.05428pt.
 [7 <./sections/images/paro.png>] [8 <./sections/images/moxie.png>]) [9] (./sections/4-project-dev.tex
<sections/images/gantt.png, id=322, 1342.2647pt x 531.48563pt>
File: sections/images/gantt.png Graphic file (type png)
<use sections/images/gantt.png>
Package pdftex.def Info: sections/images/gantt.png  used on input line 9.
(pdftex.def)             Requested size: 455.24411pt x 180.25668pt.
 [10 <./sections/images/gantt.png>]
<sections/images/compare.png, id=331, 670.75594pt x 444.91219pt>
File: sections/images/compare.png Graphic file (type png)
<use sections/images/compare.png>
Package pdftex.def Info: sections/images/compare.png  used on input line 30.
(pdftex.def)             Requested size: 318.66948pt x 211.36942pt.
 [11 <./sections/images/compare.png>]
<sections/images/flowchart.png, id=339, 1388.18625pt x 455.45157pt>
File: sections/images/flowchart.png Graphic file (type png)
<use sections/images/flowchart.png>
Package pdftex.def Info: sections/images/flowchart.png  used on input line 60.
(pdftex.def)             Requested size: 455.24411pt x 149.36128pt.
 [12 <./sections/images/flowchart.png>]
<sections/images/Flowchart.jpg, id=347, 2795.44376pt x 1440.38126pt>
File: sections/images/Flowchart.jpg Graphic file (type jpg)
<use sections/images/Flowchart.jpg>
Package pdftex.def Info: sections/images/Flowchart.jpg  used on input line 83.
(pdftex.def)             Requested size: 455.24411pt x 234.5537pt.
 [13 <./sections/images/Flowchart.jpg>]
<sections/images/faces.png, id=357, 630.10406pt x 396.7322pt>
File: sections/images/faces.png Graphic file (type png)
<use sections/images/faces.png>
Package pdftex.def Info: sections/images/faces.png  used on input line 138.
(pdftex.def)             Requested size: 455.24411pt x 286.6337pt.
 [14]
<sections/images/fer-dev.png, id=371, 1130.2225pt x 619.31375pt>
File: sections/images/fer-dev.png Graphic file (type png)
<use sections/images/fer-dev.png>
Package pdftex.def Info: sections/images/fer-dev.png  used on input line 151.
(pdftex.def)             Requested size: 455.24411pt x 249.45045pt.
<sections/images/vgg.png, id=374, 853.1875pt x 499.8675pt>
File: sections/images/vgg.png Graphic file (type png)
<use sections/images/vgg.png>
Package pdftex.def Info: sections/images/vgg.png  used on input line 164.
(pdftex.def)             Requested size: 364.19667pt x 213.38284pt.
<sections/images/fer_confusion.png, id=375, 621.32124pt x 613.29124pt>
File: sections/images/fer_confusion.png Graphic file (type png)
<use sections/images/fer_confusion.png>
Package pdftex.def Info: sections/images/fer_confusion.png  used on input line 172.
(pdftex.def)             Requested size: 364.19667pt x 359.48982pt.
 [15 <./sections/images/faces.png>]
<sections/images/ser_res.png, id=384, 523.9575pt x 436.63126pt>
File: sections/images/ser_res.png Graphic file (type png)
<use sections/images/ser_res.png>
Package pdftex.def Info: sections/images/ser_res.png  used on input line 190.
(pdftex.def)             Requested size: 364.19667pt x 303.50781pt.
 [16 <./sections/images/fer-dev.png>] [17 <./sections/images/vgg.png (PNG copy)> <./sections/images/fer_confusion.png>]
Overfull \hbox (1.84222pt too wide) in paragraph at lines 197--198
\OT1/cmr/m/n/10 In this project, mul-ti-pro-cess-ing was cho-sen over thread-ing for dis-play-ing im-ages with OpenCV's \OT1/cmr/bx/it/10 imshow()
 []

<sections/images/threadvsmulti.png, id=397, 765.86125pt x 389.455pt>
File: sections/images/threadvsmulti.png Graphic file (type png)
<use sections/images/threadvsmulti.png>
Package pdftex.def Info: sections/images/threadvsmulti.png  used on input line 202.
(pdftex.def)             Requested size: 364.19667pt x 185.20103pt.
) [18 <./sections/images/ser_res.png> <./sections/images/threadvsmulti.png (PNG copy)>] (./sections/4.5-hardware.tex
<sections/images/init-outer.png, id=408, 973.6375pt x 531.9875pt>
File: sections/images/init-outer.png Graphic file (type png)
<use sections/images/init-outer.png>
Package pdftex.def Info: sections/images/init-outer.png  used on input line 14.
(pdftex.def)             Requested size: 364.19667pt x 198.99153pt.
<sections/images/inner-arm.png, id=409, 861.2175pt x 614.295pt>
File: sections/images/inner-arm.png Graphic file (type png)
<use sections/images/inner-arm.png>
Package pdftex.def Info: sections/images/inner-arm.png  used on input line 24.
(pdftex.def)             Requested size: 318.66948pt x 227.30434pt.
 [19 <./sections/images/init-outer.png> <./sections/images/inner-arm.png>]
<sections/images/revised.png, id=421, 392.667pt x 211.38976pt>
File: sections/images/revised.png Graphic file (type png)
<use sections/images/revised.png>
Package pdftex.def Info: sections/images/revised.png  used on input line 35.
(pdftex.def)             Requested size: 364.19667pt x 196.06465pt.
<sections/images/new_outer.png, id=422, 1927.2pt x 1084.05pt>
File: sections/images/new_outer.png Graphic file (type png)
<use sections/images/new_outer.png>
Package pdftex.def Info: sections/images/new_outer.png  used on input line 47.
(pdftex.def)             Requested size: 364.19667pt x 204.84683pt.
<sections/images/new_head.png, id=423, 847.165pt x 688.5725pt>
File: sections/images/new_head.png Graphic file (type png)
<use sections/images/new_head.png>
Package pdftex.def Info: sections/images/new_head.png  used on input line 54.
(pdftex.def)             Requested size: 318.66948pt x 259.01256pt.
 [20 <./sections/images/revised.png> <./sections/images/new_outer.png>]
<sections/images/motion.png, id=433, 1035.87pt x 831.105pt>
File: sections/images/motion.png Graphic file (type png)
<use sections/images/motion.png>
Package pdftex.def Info: sections/images/motion.png  used on input line 66.
(pdftex.def)             Requested size: 318.66948pt x 255.67422pt.
<sections/images/gear_diagram.png, id=434, 1166.3575pt x 678.535pt>
File: sections/images/gear_diagram.png Graphic file (type png)
<use sections/images/gear_diagram.png>
Package pdftex.def Info: sections/images/gear_diagram.png  used on input line 75.
(pdftex.def)             Requested size: 318.66948pt x 185.38115pt.
 [21 <./sections/images/new_head.png> <./sections/images/motion.png>]
<sections/images/new_base.png, id=445, 1288.815pt x 696.6025pt>
File: sections/images/new_base.png Graphic file (type png)
<use sections/images/new_base.png>
Package pdftex.def Info: sections/images/new_base.png  used on input line 104.
(pdftex.def)             Requested size: 318.66948pt x 172.23692pt.
<sections/images/new_armor.png, id=446, 774.895pt x 608.2725pt>
File: sections/images/new_armor.png Graphic file (type png)
<use sections/images/new_armor.png>
Package pdftex.def Info: sections/images/new_armor.png  used on input line 113.
(pdftex.def)             Requested size: 318.66948pt x 250.14514pt.
) [22 <./sections/images/gear_diagram.png> <./sections/images/new_base.png>] (./sections/5-testing.tex

LaTeX Warning: Reference `table:questions' on page 23 undefined on input line 7.

) [23 <./sections/images/new_armor.png>] (./sections/6-summary.tex) [24] (./sections/7-workload.tex) [25] (./sem-1-final-draft-1.bbl [26]) [27] (./sem-1-final-draft-1.aux)
 ***********
LaTeX2e <2023-11-01> patch level 1
L3 programming layer <2024-02-20>
 ***********


LaTeX Warning: There were undefined references.


LaTeX Warning: Label(s) may have changed. Rerun to get cross-references right.


Package rerunfilecheck Warning: File `sem-1-final-draft-1.out' has changed.
(rerunfilecheck)                Rerun to get outlines right
(rerunfilecheck)                or use package `bookmark'.

Package rerunfilecheck Info: Checksums for `sem-1-final-draft-1.out':
(rerunfilecheck)             Before: 5FEF0A54CED1331D926255EC39030E18;6863
(rerunfilecheck)             After:  85CFE6970A7E5630AFF20DEBFAF8B406;6600.
 ) 
Here is how much of TeX's memory you used:
 12173 strings out of 474116
 194699 string characters out of 5743683
 1945187 words of memory out of 5000000
 34244 multiletter control sequences out of 15000+600000
 563279 words of font info for 55 fonts, out of 8000000 for 9000
 1141 hyphenation exceptions out of 8191
 75i,8n,79p,1747b,576s stack positions out of 10000i,1000n,20000p,200000b,200000s

pdfTeX warning (dest): name{subsection.5.1} has been referenced but does not exist, replaced by a fixed one

</usr/local/texlive/2024/texmf-dist/fonts/type1/public/amsfonts/cm/cmbx10.pfb></usr/local/texlive/2024/texmf-dist/fonts/type1/public/amsfonts/cm/cmbx12.pfb></usr/local/texlive/2024/texmf-dist/fonts/type1/public/amsfonts/cm/cmbxti10.pfb></usr/local/texlive/2024/texmf-dist/fonts/type1/public/amsfonts/cm/cmmi10.pfb></usr/local/texlive/2024/texmf-dist/fonts/type1/public/amsfonts/cm/cmr10.pfb></usr/local/texlive/2024/texmf-dist/fonts/type1/public/amsfonts/cm/cmr12.pfb></usr/local/texlive/2024/texmf-dist/fonts/type1/public/amsfonts/cm/cmr7.pfb></usr/local/texlive/2024/texmf-dist/fonts/type1/public/amsfonts/cm/cmti10.pfb></usr/local/texlive/2024/texmf-dist/fonts/type1/public/amsfonts/cm/cmti12.pfb></usr/local/texlive/2024/texmf-dist/fonts/type1/public/cm-super/sfrm1000.pfb>
Output written on sem-1-final-draft-1.pdf (28 pages, 9750228 bytes).
PDF statistics:
 588 PDF objects out of 1000 (max. 8388607)
 491 compressed objects within 5 object streams
 135 named destinations out of 1000 (max. 500000)
 423 words of extra memory for PDF output out of 10000 (max. 10000000)

